[ 2017-11-29 13:58:34,339][train_fg.<module>] tools.train_fg
[ 2017-11-29 13:58:34,340][train_fg.<module>] 
{
    "dataset":{
        "test":{
            "data_set":"test",
            "layout_x":"tensor",
            "type":"mnist"
        },
        "train":{
            "data_set":"train",
            "layout_x":"tensor",
            "type":"mnist"
        }
    },
    "net":{
        "layers":[
            {
                "bottoms":[
                    "X",
                    "y"
                ],
                "estimators":[
                    {
                        "max_depth":100,
                        "min_samples_leaf":10,
                        "n_estimators":500,
                        "n_folds":3,
                        "n_jobs":-1,
                        "type":"ExtraTreesClassifier"
                    },
                    {
                        "max_depth":100,
                        "min_samples_leaf":10,
                        "n_estimators":500,
                        "n_folds":3,
                        "n_jobs":-1,
                        "type":"RandomForestClassifier"
                    }
                ],
                "n_classes":10,
                "name":"win1/7x7",
                "stride_x":2,
                "stride_y":2,
                "tops":[
                    "win1/7x7/ets",
                    "win1/7x7/rf"
                ],
                "type":"FGWinLayer",
                "win_x":7,
                "win_y":7
            },
            {
                "bottoms":[
                    "X",
                    "y"
                ],
                "estimators":[
                    {
                        "max_depth":100,
                        "min_samples_leaf":10,
                        "n_estimators":500,
                        "n_folds":3,
                        "n_jobs":-1,
                        "type":"ExtraTreesClassifier"
                    },
                    {
                        "max_depth":100,
                        "min_samples_leaf":10,
                        "n_estimators":500,
                        "n_folds":3,
                        "n_jobs":-1,
                        "type":"RandomForestClassifier"
                    }
                ],
                "n_classes":10,
                "name":"win1/10x10",
                "stride_x":2,
                "stride_y":2,
                "tops":[
                    "win1/10x10/ets",
                    "win1/10x10/rf"
                ],
                "type":"FGWinLayer",
                "win_x":10,
                "win_y":10
            },
            {
                "bottoms":[
                    "X",
                    "y"
                ],
                "estimators":[
                    {
                        "max_depth":100,
                        "min_samples_leaf":10,
                        "n_estimators":500,
                        "n_folds":3,
                        "n_jobs":-1,
                        "type":"ExtraTreesClassifier"
                    },
                    {
                        "max_depth":100,
                        "min_samples_leaf":10,
                        "n_estimators":500,
                        "n_folds":3,
                        "n_jobs":-1,
                        "type":"RandomForestClassifier"
                    }
                ],
                "n_classes":10,
                "name":"win1/13x13",
                "stride_x":2,
                "stride_y":2,
                "tops":[
                    "win1/13x13/ets",
                    "win1/13x13/rf"
                ],
                "type":"FGWinLayer",
                "win_x":13,
                "win_y":13
            },
            {
                "bottoms":[
                    "win1/7x7/ets",
                    "win1/7x7/rf",
                    "win1/10x10/ets",
                    "win1/10x10/rf",
                    "win1/13x13/ets",
                    "win1/13x13/rf"
                ],
                "name":"pool1",
                "pool_method":"avg",
                "tops":[
                    "pool1/7x7/ets",
                    "pool1/7x7/rf",
                    "pool1/10x10/ets",
                    "pool1/10x10/rf",
                    "pool1/13x13/ets",
                    "pool1/13x13/rf"
                ],
                "type":"FGPoolLayer",
                "win_x":2,
                "win_y":2
            }
        ],
        "outputs":[
            "pool1/7x7/ets",
            "pool1/7x7/rf",
            "pool1/10x10/ets",
            "pool1/10x10/rf",
            "pool1/13x13/ets",
            "pool1/13x13/rf"
        ]
    },
    "train":{
        "data_cache":{
            "cache_dir":"/home/dpha010/Desktop/results/gcforest/mnist/fg-tree500-depth100-3folds/datas",
            "cache_in_disk":{
                "default":1
            },
            "keep_in_mem":{
                "default":0
            }
        },
        "keep_model_in_mem":0,
        "random_state":0
    }
}
[ 2017-11-29 13:58:42,878][fgnet.fit_transform] X_train.shape=(60000, 1, 28, 28), y_train.shape=(60000,), X_test.shape=(10000, 1, 28, 28), y_test.shape=(10000,)
[ 2017-11-29 13:58:42,878][fg_win_layer.fit_transform] [data][win1/7x7], bottoms=[u'X', u'y'], tops=[u'win1/7x7/ets', u'win1/7x7/rf']
[ 2017-11-29 13:58:42,878][fg_win_layer.fit_transform] [progress][win1/7x7] ti=0/2, top_name=win1/7x7/ets
[ 2017-11-29 13:58:42,878][fg_win_layer.fit_transform] [data][win1/7x7,train] bottoms.shape=60000x1x28x28,60000
[ 2017-11-29 13:58:42,886][win_utils.get_windows] get_windows_start: X.shape=(60000, 1, 28, 28), X_win.shape=(49, 7260000), nw=11, nh=11, c=1, win_x=7, win_y=7, stride_x=2, stride_y=2
[ 2017-11-29 13:58:43,191][win_utils.get_windows] get_windows_end
[ 2017-11-29 13:58:43,217][fg_win_layer.fit_transform] [data][win1/7x7,test] bottoms.shape=10000x1x28x28,10000
[ 2017-11-29 13:58:43,219][win_utils.get_windows] get_windows_start: X.shape=(10000, 1, 28, 28), X_win.shape=(49, 1210000), nw=11, nh=11, c=1, win_x=7, win_y=7, stride_x=2, stride_y=2
[ 2017-11-29 13:58:43,331][win_utils.get_windows] get_windows_end
[ 2017-11-29 13:58:43,813][base_estimator.fit] X_train.shape=(4839516, 49), y_train.shape=(4839516,)
